<?xml version="1.0" encoding="UTF-8"?>
<!-- Generated by org.testng.reporters.JUnitReportReporter -->
<testsuite skipped="0" hostname="LAPTOP-RKQUPA26" name="testfeature.TestLogin" tests="1" failures="0" timestamp="2020-03-18T13:36:01 IST" time="0.022" errors="0">
  <testcase name="testLogin_1" time="0.022" classname="testfeature.TestLogin"/>
  <system-out/>
</testsuite> <!-- testfeature.TestLogin -->
